FATAL [Thread-12] 2023-08-19 14:13:10,170 repast.simphony.ui.GUIScheduleRunner - RunTimeException when running the schedule
Current tick (1176.0)
java.lang.RuntimeException: java.lang.reflect.InvocationTargetException
	at repast.simphony.engine.schedule.DynamicTargetAction.execute(DynamicTargetAction.java:72)
	at repast.simphony.engine.controller.ScheduledMethodControllerAction$ScheduleMethodAllAction.execute(ScheduledMethodControllerAction.java:333)
	at repast.simphony.engine.schedule.DefaultAction.execute(DefaultAction.java:38)
	at repast.simphony.engine.schedule.ScheduleGroup.executeList(ScheduleGroup.java:205)
	at repast.simphony.engine.schedule.ScheduleGroup.execute(ScheduleGroup.java:231)
	at repast.simphony.engine.schedule.Schedule.execute(Schedule.java:352)
	at repast.simphony.ui.GUIScheduleRunner$ScheduleLoopRunnable.run(GUIScheduleRunner.java:52)
	at java.lang.Thread.run(Unknown Source)
Caused by: java.lang.reflect.InvocationTargetException
	at simmasto0.protocol.A_Protocol$$FastClassByCGLIB$$d7558b.invoke(<generated>)
	at net.sf.cglib.reflect.FastMethod.invoke(FastMethod.java:53)
	at repast.simphony.engine.schedule.DynamicTargetAction.execute(DynamicTargetAction.java:69)
	... 7 more
Caused by: java.lang.NullPointerException
	at simmasto0.protocol.A_Protocol.switchDisplayMap(A_Protocol.java:427)
	at simmasto0.protocol.A_Protocol.manageTimeLandmarks(A_Protocol.java:155)
	at simmasto0.protocol.A_Protocol.step_Utick(A_Protocol.java:123)
	... 10 more
FATAL [Thread-9] 2023-08-19 14:14:23,962 repast.simphony.ui.GUIScheduleRunner - RunTimeException when running the schedule
Current tick (1.0)
java.lang.NullPointerException
	at java.lang.String.contains(Unknown Source)
	at presentation.display.C_StyleAgent.getLabelColor(C_StyleAgent.java:326)
	at presentation.display.C_StyleAgent.getLabelColor(C_StyleAgent.java:1)
	at repast.simphony.visualizationOGL2D.StyledDisplayLayerOGL2D.applyStyle(StyledDisplayLayerOGL2D.java:83)
	at repast.simphony.visualizationOGL2D.StyledDisplayLayerOGL2D.updateSpatial(StyledDisplayLayerOGL2D.java:213)
	at repast.simphony.visualizationOGL2D.StyledDisplayLayerOGL2D.updateExistingSpatials(StyledDisplayLayerOGL2D.java:181)
	at repast.simphony.visualizationOGL2D.StyledDisplayLayerOGL2D.update(StyledDisplayLayerOGL2D.java:249)
	at repast.simphony.visualizationOGL2D.DisplayOGL2D.update(DisplayOGL2D.java:406)
	at repast.simphony.visualization.engine.DisplayComponentControllerAction$DisplayUpdater.execute(DisplayComponentControllerAction.java:48)
	at repast.simphony.engine.schedule.DefaultAction.execute(DefaultAction.java:38)
	at repast.simphony.engine.schedule.ScheduleGroup.executeList(ScheduleGroup.java:205)
	at repast.simphony.engine.schedule.ScheduleGroup.execute(ScheduleGroup.java:238)
	at repast.simphony.engine.schedule.Schedule.execute(Schedule.java:352)
	at repast.simphony.ui.GUIScheduleRunner$ScheduleLoopRunnable.run(GUIScheduleRunner.java:52)
	at java.lang.Thread.run(Unknown Source)
