2023-08-19 14:13:25,959 - Velocimacro :  VM library template macro registration complete.
2023-08-19 14:13:25,959 - Velocimacro : allowInline = true : VMs can be defined inline in templates
2023-08-19 14:13:25,959 - Velocimacro : allowInlineToOverride = false : VMs defined inline may NOT replace previous VM definitions
2023-08-19 14:13:25,959 - Velocimacro : allowInlineLocal = false : VMs defined inline will be  global in scope if allowed.
2023-08-19 14:13:25,959 - Velocimacro : messages on  : VM system will output logging messages
2023-08-19 14:13:25,959 - Velocimacro : autoload off  : VM system will not automatically reload global library macros
2023-08-19 14:13:25,959 - Velocimacro : initialization complete.
2023-08-19 14:13:25,959 - Velocity successfully started.
2023-08-19 14:14:11,436 - SimpleLog4JLogSystem initialized using logfile 'velocity.log'
2023-08-19 14:14:11,436 - ************************************************************** 
2023-08-19 14:14:11,436 - Starting Jakarta Velocity v1.4
2023-08-19 14:14:11,437 - RuntimeInstance initializing.
2023-08-19 14:14:11,437 - Default Properties File: org\apache\velocity\runtime\defaults\velocity.properties
2023-08-19 14:14:11,437 - Trying to use logger class org.apache.velocity.runtime.log.SimpleLog4JLogSystem
2023-08-19 14:14:11,437 - Using logger class org.apache.velocity.runtime.log.SimpleLog4JLogSystem
2023-08-19 14:14:11,438 - Default ResourceManager initializing. (class org.apache.velocity.runtime.resource.ResourceManagerImpl)
2023-08-19 14:14:11,440 - Resource Loader Instantiated: org.apache.velocity.runtime.resource.loader.ClasspathResourceLoader
2023-08-19 14:14:11,440 - ClasspathResourceLoader : initialization starting.
2023-08-19 14:14:11,440 - ClasspathResourceLoader : initialization complete.
2023-08-19 14:14:11,440 - ResourceCache : initialized. (class org.apache.velocity.runtime.resource.ResourceCacheImpl)
2023-08-19 14:14:11,440 - Default ResourceManager initialization complete.
2023-08-19 14:14:11,441 - Loaded System Directive: org.apache.velocity.runtime.directive.Literal
2023-08-19 14:14:11,442 - Loaded System Directive: org.apache.velocity.runtime.directive.Macro
2023-08-19 14:14:11,444 - Loaded System Directive: org.apache.velocity.runtime.directive.Parse
2023-08-19 14:14:11,445 - Loaded System Directive: org.apache.velocity.runtime.directive.Include
2023-08-19 14:14:11,445 - Loaded System Directive: org.apache.velocity.runtime.directive.Foreach
2023-08-19 14:14:11,460 - Created: 20 parsers.
2023-08-19 14:14:11,463 - Velocimacro : initialization starting.
2023-08-19 14:14:11,463 - Velocimacro : adding VMs from VM library template : VM_global_library.vm
2023-08-19 14:14:11,465 - ResourceManager : unable to find resource 'VM_global_library.vm' in any resource loader.
2023-08-19 14:14:11,465 - Velocimacro : error using  VM library template VM_global_library.vm : org.apache.velocity.exception.ResourceNotFoundException: Unable to find resource 'VM_global_library.vm'
2023-08-19 14:14:11,465 - Velocimacro :  VM library template macro registration complete.
2023-08-19 14:14:11,465 - Velocimacro : allowInline = true : VMs can be defined inline in templates
2023-08-19 14:14:11,465 - Velocimacro : allowInlineToOverride = false : VMs defined inline may NOT replace previous VM definitions
2023-08-19 14:14:11,465 - Velocimacro : allowInlineLocal = false : VMs defined inline will be  global in scope if allowed.
2023-08-19 14:14:11,465 - Velocimacro : messages on  : VM system will output logging messages
2023-08-19 14:14:11,465 - Velocimacro : autoload off  : VM system will not automatically reload global library macros
2023-08-19 14:14:11,465 - Velocimacro : initialization complete.
2023-08-19 14:14:11,466 - Velocity successfully started.
2023-08-19 14:17:22,263 - SimpleLog4JLogSystem initialized using logfile 'velocity.log'
2023-08-19 14:17:22,263 - ************************************************************** 
2023-08-19 14:17:22,263 - Starting Jakarta Velocity v1.4
2023-08-19 14:17:22,263 - RuntimeInstance initializing.
2023-08-19 14:17:22,264 - Default Properties File: org\apache\velocity\runtime\defaults\velocity.properties
2023-08-19 14:17:22,264 - Trying to use logger class org.apache.velocity.runtime.log.SimpleLog4JLogSystem
2023-08-19 14:17:22,264 - Using logger class org.apache.velocity.runtime.log.SimpleLog4JLogSystem
2023-08-19 14:17:22,265 - Default ResourceManager initializing. (class org.apache.velocity.runtime.resource.ResourceManagerImpl)
2023-08-19 14:17:22,267 - Resource Loader Instantiated: org.apache.velocity.runtime.resource.loader.ClasspathResourceLoader
2023-08-19 14:17:22,267 - ClasspathResourceLoader : initialization starting.
2023-08-19 14:17:22,267 - ClasspathResourceLoader : initialization complete.
2023-08-19 14:17:22,268 - ResourceCache : initialized. (class org.apache.velocity.runtime.resource.ResourceCacheImpl)
2023-08-19 14:17:22,268 - Default ResourceManager initialization complete.
2023-08-19 14:17:22,269 - Loaded System Directive: org.apache.velocity.runtime.directive.Literal
2023-08-19 14:17:22,269 - Loaded System Directive: org.apache.velocity.runtime.directive.Macro
2023-08-19 14:17:22,271 - Loaded System Directive: org.apache.velocity.runtime.directive.Parse
2023-08-19 14:17:22,272 - Loaded System Directive: org.apache.velocity.runtime.directive.Include
2023-08-19 14:17:22,272 - Loaded System Directive: org.apache.velocity.runtime.directive.Foreach
2023-08-19 14:17:22,288 - Created: 20 parsers.
2023-08-19 14:17:22,292 - Velocimacro : initialization starting.
2023-08-19 14:17:22,292 - Velocimacro : adding VMs from VM library template : VM_global_library.vm
2023-08-19 14:17:22,293 - ResourceManager : unable to find resource 'VM_global_library.vm' in any resource loader.
2023-08-19 14:17:22,294 - Velocimacro : error using  VM library template VM_global_library.vm : org.apache.velocity.exception.ResourceNotFoundException: Unable to find resource 'VM_global_library.vm'
2023-08-19 14:17:22,294 - Velocimacro :  VM library template macro registration complete.
2023-08-19 14:17:22,294 - Velocimacro : allowInline = true : VMs can be defined inline in templates
2023-08-19 14:17:22,294 - Velocimacro : allowInlineToOverride = false : VMs defined inline may NOT replace previous VM definitions
2023-08-19 14:17:22,294 - Velocimacro : allowInlineLocal = false : VMs defined inline will be  global in scope if allowed.
2023-08-19 14:17:22,294 - Velocimacro : messages on  : VM system will output logging messages
2023-08-19 14:17:22,294 - Velocimacro : autoload off  : VM system will not automatically reload global library macros
2023-08-19 14:17:22,294 - Velocimacro : initialization complete.
2023-08-19 14:17:22,294 - Velocity successfully started.
2023-08-19 14:20:39,645 - SimpleLog4JLogSystem initialized using logfile 'velocity.log'
2023-08-19 14:20:39,645 - ************************************************************** 
2023-08-19 14:20:39,645 - Starting Jakarta Velocity v1.4
2023-08-19 14:20:39,645 - RuntimeInstance initializing.
2023-08-19 14:20:39,645 - Default Properties File: org\apache\velocity\runtime\defaults\velocity.properties
2023-08-19 14:20:39,645 - Trying to use logger class org.apache.velocity.runtime.log.SimpleLog4JLogSystem
2023-08-19 14:20:39,645 - Using logger class org.apache.velocity.runtime.log.SimpleLog4JLogSystem
2023-08-19 14:20:39,647 - Default ResourceManager initializing. (class org.apache.velocity.runtime.resource.ResourceManagerImpl)
2023-08-19 14:20:39,648 - Resource Loader Instantiated: org.apache.velocity.runtime.resource.loader.ClasspathResourceLoader
2023-08-19 14:20:39,648 - ClasspathResourceLoader : initialization starting.
2023-08-19 14:20:39,648 - ClasspathResourceLoader : initialization complete.
2023-08-19 14:20:39,649 - ResourceCache : initialized. (class org.apache.velocity.runtime.resource.ResourceCacheImpl)
2023-08-19 14:20:39,649 - Default ResourceManager initialization complete.
2023-08-19 14:20:39,650 - Loaded System Directive: org.apache.velocity.runtime.directive.Literal
2023-08-19 14:20:39,651 - Loaded System Directive: org.apache.velocity.runtime.directive.Macro
2023-08-19 14:20:39,653 - Loaded System Directive: org.apache.velocity.runtime.directive.Parse
2023-08-19 14:20:39,653 - Loaded System Directive: org.apache.velocity.runtime.directive.Include
2023-08-19 14:20:39,654 - Loaded System Directive: org.apache.velocity.runtime.directive.Foreach
2023-08-19 14:20:39,669 - Created: 20 parsers.
2023-08-19 14:20:39,673 - Velocimacro : initialization starting.
2023-08-19 14:20:39,673 - Velocimacro : adding VMs from VM library template : VM_global_library.vm
2023-08-19 14:20:39,674 - ResourceManager : unable to find resource 'VM_global_library.vm' in any resource loader.
2023-08-19 14:20:39,674 - Velocimacro : error using  VM library template VM_global_library.vm : org.apache.velocity.exception.ResourceNotFoundException: Unable to find resource 'VM_global_library.vm'
2023-08-19 14:20:39,675 - Velocimacro :  VM library template macro registration complete.
2023-08-19 14:20:39,675 - Velocimacro : allowInline = true : VMs can be defined inline in templates
2023-08-19 14:20:39,675 - Velocimacro : allowInlineToOverride = false : VMs defined inline may NOT replace previous VM definitions
2023-08-19 14:20:39,675 - Velocimacro : allowInlineLocal = false : VMs defined inline will be  global in scope if allowed.
2023-08-19 14:20:39,675 - Velocimacro : messages on  : VM system will output logging messages
2023-08-19 14:20:39,675 - Velocimacro : autoload off  : VM system will not automatically reload global library macros
2023-08-19 14:20:39,675 - Velocimacro : initialization complete.
2023-08-19 14:20:39,675 - Velocity successfully started.
2023-08-19 14:22:19,426 - SimpleLog4JLogSystem initialized using logfile 'velocity.log'
2023-08-19 14:22:19,426 - ************************************************************** 
2023-08-19 14:22:19,426 - Starting Jakarta Velocity v1.4
2023-08-19 14:22:19,426 - RuntimeInstance initializing.
2023-08-19 14:22:19,427 - Default Properties File: org\apache\velocity\runtime\defaults\velocity.properties
2023-08-19 14:22:19,427 - Trying to use logger class org.apache.velocity.runtime.log.SimpleLog4JLogSystem
2023-08-19 14:22:19,427 - Using logger class org.apache.velocity.runtime.log.SimpleLog4JLogSystem
2023-08-19 14:22:19,428 - Default ResourceManager initializing. (class org.apache.velocity.runtime.resource.ResourceManagerImpl)
2023-08-19 14:22:19,430 - Resource Loader Instantiated: org.apache.velocity.runtime.resource.loader.ClasspathResourceLoader
2023-08-19 14:22:19,430 - ClasspathResourceLoader : initialization starting.
2023-08-19 14:22:19,430 - ClasspathResourceLoader : initialization complete.
2023-08-19 14:22:19,431 - ResourceCache : initialized. (class org.apache.velocity.runtime.resource.ResourceCacheImpl)
2023-08-19 14:22:19,431 - Default ResourceManager initialization complete.
2023-08-19 14:22:19,431 - Loaded System Directive: org.apache.velocity.runtime.directive.Literal
2023-08-19 14:22:19,432 - Loaded System Directive: org.apache.velocity.runtime.directive.Macro
2023-08-19 14:22:19,434 - Loaded System Directive: org.apache.velocity.runtime.directive.Parse
2023-08-19 14:22:19,435 - Loaded System Directive: org.apache.velocity.runtime.directive.Include
2023-08-19 14:22:19,435 - Loaded System Directive: org.apache.velocity.runtime.directive.Foreach
2023-08-19 14:22:19,450 - Created: 20 parsers.
2023-08-19 14:22:19,454 - Velocimacro : initialization starting.
2023-08-19 14:22:19,454 - Velocimacro : adding VMs from VM library template : VM_global_library.vm
2023-08-19 14:22:19,456 - ResourceManager : unable to find resource 'VM_global_library.vm' in any resource loader.
2023-08-19 14:22:19,456 - Velocimacro : error using  VM library template VM_global_library.vm : org.apache.velocity.exception.ResourceNotFoundException: Unable to find resource 'VM_global_library.vm'
2023-08-19 14:22:19,456 - Velocimacro :  VM library template macro registration complete.
2023-08-19 14:22:19,456 - Velocimacro : allowInline = true : VMs can be defined inline in templates
2023-08-19 14:22:19,456 - Velocimacro : allowInlineToOverride = false : VMs defined inline may NOT replace previous VM definitions
2023-08-19 14:22:19,456 - Velocimacro : allowInlineLocal = false : VMs defined inline will be  global in scope if allowed.
2023-08-19 14:22:19,456 - Velocimacro : messages on  : VM system will output logging messages
2023-08-19 14:22:19,456 - Velocimacro : autoload off  : VM system will not automatically reload global library macros
2023-08-19 14:22:19,456 - Velocimacro : initialization complete.
2023-08-19 14:22:19,456 - Velocity successfully started.
2023-08-19 17:28:34,731 - SimpleLog4JLogSystem initialized using logfile 'velocity.log'
2023-08-19 17:28:34,731 - ************************************************************** 
2023-08-19 17:28:34,731 - Starting Jakarta Velocity v1.4
2023-08-19 17:28:34,731 - RuntimeInstance initializing.
2023-08-19 17:28:34,731 - Default Properties File: org\apache\velocity\runtime\defaults\velocity.properties
2023-08-19 17:28:34,731 - Trying to use logger class org.apache.velocity.runtime.log.SimpleLog4JLogSystem
2023-08-19 17:28:34,731 - Using logger class org.apache.velocity.runtime.log.SimpleLog4JLogSystem
2023-08-19 17:28:34,731 - Default ResourceManager initializing. (class org.apache.velocity.runtime.resource.ResourceManagerImpl)
2023-08-19 17:28:34,731 - Resource Loader Instantiated: org.apache.velocity.runtime.resource.loader.ClasspathResourceLoader
2023-08-19 17:28:34,731 - ClasspathResourceLoader : initialization starting.
2023-08-19 17:28:34,731 - ClasspathResourceLoader : initialization complete.
2023-08-19 17:28:34,731 - ResourceCache : initialized. (class org.apache.velocity.runtime.resource.ResourceCacheImpl)
2023-08-19 17:28:34,731 - Default ResourceManager initialization complete.
2023-08-19 17:28:34,731 - Loaded System Directive: org.apache.velocity.runtime.directive.Literal
2023-08-19 17:28:34,731 - Loaded System Directive: org.apache.velocity.runtime.directive.Macro
2023-08-19 17:28:34,746 - Loaded System Directive: org.apache.velocity.runtime.directive.Parse
2023-08-19 17:28:34,746 - Loaded System Directive: org.apache.velocity.runtime.directive.Include
2023-08-19 17:28:34,746 - Loaded System Directive: org.apache.velocity.runtime.directive.Foreach
2023-08-19 17:28:34,762 - Created: 20 parsers.
2023-08-19 17:28:34,762 - Velocimacro : initialization starting.
2023-08-19 17:28:34,762 - Velocimacro : adding VMs from VM library template : VM_global_library.vm
2023-08-19 17:28:34,762 - ResourceManager : unable to find resource 'VM_global_library.vm' in any resource loader.
2023-08-19 17:28:34,762 - Velocimacro : error using  VM library template VM_global_library.vm : org.apache.velocity.exception.ResourceNotFoundException: Unable to find resource 'VM_global_library.vm'
2023-08-19 17:28:34,762 - Velocimacro :  VM library template macro registration complete.
2023-08-19 17:28:34,762 - Velocimacro : allowInline = true : VMs can be defined inline in templates
2023-08-19 17:28:34,762 - Velocimacro : allowInlineToOverride = false : VMs defined inline may NOT replace previous VM definitions
2023-08-19 17:28:34,762 - Velocimacro : allowInlineLocal = false : VMs defined inline will be  global in scope if allowed.
2023-08-19 17:28:34,762 - Velocimacro : messages on  : VM system will output logging messages
2023-08-19 17:28:34,762 - Velocimacro : autoload off  : VM system will not automatically reload global library macros
2023-08-19 17:28:34,762 - Velocimacro : initialization complete.
2023-08-19 17:28:34,762 - Velocity successfully started.
2023-08-19 17:31:02,020 - SimpleLog4JLogSystem initialized using logfile 'velocity.log'
2023-08-19 17:31:02,020 - ************************************************************** 
2023-08-19 17:31:02,020 - Starting Jakarta Velocity v1.4
2023-08-19 17:31:02,020 - RuntimeInstance initializing.
2023-08-19 17:31:02,020 - Default Properties File: org\apache\velocity\runtime\defaults\velocity.properties
2023-08-19 17:31:02,020 - Trying to use logger class org.apache.velocity.runtime.log.SimpleLog4JLogSystem
2023-08-19 17:31:02,020 - Using logger class org.apache.velocity.runtime.log.SimpleLog4JLogSystem
2023-08-19 17:31:02,020 - Default ResourceManager initializing. (class org.apache.velocity.runtime.resource.ResourceManagerImpl)
2023-08-19 17:31:02,020 - Resource Loader Instantiated: org.apache.velocity.runtime.resource.loader.ClasspathResourceLoader
2023-08-19 17:31:02,020 - ClasspathResourceLoader : initialization starting.
2023-08-19 17:31:02,020 - ClasspathResourceLoader : initialization complete.
2023-08-19 17:31:02,020 - ResourceCache : initialized. (class org.apache.velocity.runtime.resource.ResourceCacheImpl)
2023-08-19 17:31:02,020 - Default ResourceManager initialization complete.
2023-08-19 17:31:02,020 - Loaded System Directive: org.apache.velocity.runtime.directive.Literal
2023-08-19 17:31:02,036 - Loaded System Directive: org.apache.velocity.runtime.directive.Macro
2023-08-19 17:31:02,036 - Loaded System Directive: org.apache.velocity.runtime.directive.Parse
2023-08-19 17:31:02,036 - Loaded System Directive: org.apache.velocity.runtime.directive.Include
2023-08-19 17:31:02,036 - Loaded System Directive: org.apache.velocity.runtime.directive.Foreach
2023-08-19 17:31:02,042 - Created: 20 parsers.
2023-08-19 17:31:02,058 - Velocimacro : initialization starting.
2023-08-19 17:31:02,058 - Velocimacro : adding VMs from VM library template : VM_global_library.vm
2023-08-19 17:31:02,058 - ResourceManager : unable to find resource 'VM_global_library.vm' in any resource loader.
2023-08-19 17:31:02,058 - Velocimacro : error using  VM library template VM_global_library.vm : org.apache.velocity.exception.ResourceNotFoundException: Unable to find resource 'VM_global_library.vm'
2023-08-19 17:31:02,058 - Velocimacro :  VM library template macro registration complete.
2023-08-19 17:31:02,058 - Velocimacro : allowInline = true : VMs can be defined inline in templates
2023-08-19 17:31:02,058 - Velocimacro : allowInlineToOverride = false : VMs defined inline may NOT replace previous VM definitions
2023-08-19 17:31:02,058 - Velocimacro : allowInlineLocal = false : VMs defined inline will be  global in scope if allowed.
2023-08-19 17:31:02,058 - Velocimacro : messages on  : VM system will output logging messages
2023-08-19 17:31:02,058 - Velocimacro : autoload off  : VM system will not automatically reload global library macros
2023-08-19 17:31:02,058 - Velocimacro : initialization complete.
2023-08-19 17:31:02,058 - Velocity successfully started.
2023-08-19 17:33:59,497 - SimpleLog4JLogSystem initialized using logfile 'velocity.log'
2023-08-19 17:33:59,497 - ************************************************************** 
2023-08-19 17:33:59,497 - Starting Jakarta Velocity v1.4
2023-08-19 17:33:59,497 - RuntimeInstance initializing.
2023-08-19 17:33:59,497 - Default Properties File: org\apache\velocity\runtime\defaults\velocity.properties
2023-08-19 17:33:59,497 - Trying to use logger class org.apache.velocity.runtime.log.SimpleLog4JLogSystem
2023-08-19 17:33:59,497 - Using logger class org.apache.velocity.runtime.log.SimpleLog4JLogSystem
2023-08-19 17:33:59,513 - Default ResourceManager initializing. (class org.apache.velocity.runtime.resource.ResourceManagerImpl)
2023-08-19 17:33:59,513 - Resource Loader Instantiated: org.apache.velocity.runtime.resource.loader.ClasspathResourceLoader
2023-08-19 17:33:59,513 - ClasspathResourceLoader : initialization starting.
2023-08-19 17:33:59,513 - ClasspathResourceLoader : initialization complete.
2023-08-19 17:33:59,513 - ResourceCache : initialized. (class org.apache.velocity.runtime.resource.ResourceCacheImpl)
2023-08-19 17:33:59,513 - Default ResourceManager initialization complete.
2023-08-19 17:33:59,513 - Loaded System Directive: org.apache.velocity.runtime.directive.Literal
2023-08-19 17:33:59,513 - Loaded System Directive: org.apache.velocity.runtime.directive.Macro
2023-08-19 17:33:59,513 - Loaded System Directive: org.apache.velocity.runtime.directive.Parse
2023-08-19 17:33:59,513 - Loaded System Directive: org.apache.velocity.runtime.directive.Include
2023-08-19 17:33:59,513 - Loaded System Directive: org.apache.velocity.runtime.directive.Foreach
2023-08-19 17:33:59,528 - Created: 20 parsers.
2023-08-19 17:33:59,528 - Velocimacro : initialization starting.
2023-08-19 17:33:59,528 - Velocimacro : adding VMs from VM library template : VM_global_library.vm
2023-08-19 17:33:59,528 - ResourceManager : unable to find resource 'VM_global_library.vm' in any resource loader.
2023-08-19 17:33:59,528 - Velocimacro : error using  VM library template VM_global_library.vm : org.apache.velocity.exception.ResourceNotFoundException: Unable to find resource 'VM_global_library.vm'
2023-08-19 17:33:59,528 - Velocimacro :  VM library template macro registration complete.
2023-08-19 17:33:59,528 - Velocimacro : allowInline = true : VMs can be defined inline in templates
2023-08-19 17:33:59,528 - Velocimacro : allowInlineToOverride = false : VMs defined inline may NOT replace previous VM definitions
2023-08-19 17:33:59,528 - Velocimacro : allowInlineLocal = false : VMs defined inline will be  global in scope if allowed.
2023-08-19 17:33:59,528 - Velocimacro : messages on  : VM system will output logging messages
2023-08-19 17:33:59,528 - Velocimacro : autoload off  : VM system will not automatically reload global library macros
2023-08-19 17:33:59,528 - Velocimacro : initialization complete.
2023-08-19 17:33:59,528 - Velocity successfully started.
2023-08-19 17:35:37,459 - SimpleLog4JLogSystem initialized using logfile 'velocity.log'
2023-08-19 17:35:37,459 - ************************************************************** 
2023-08-19 17:35:37,459 - Starting Jakarta Velocity v1.4
2023-08-19 17:35:37,459 - RuntimeInstance initializing.
2023-08-19 17:35:37,459 - Default Properties File: org\apache\velocity\runtime\defaults\velocity.properties
2023-08-19 17:35:37,459 - Trying to use logger class org.apache.velocity.runtime.log.SimpleLog4JLogSystem
2023-08-19 17:35:37,459 - Using logger class org.apache.velocity.runtime.log.SimpleLog4JLogSystem
2023-08-19 17:35:37,459 - Default ResourceManager initializing. (class org.apache.velocity.runtime.resource.ResourceManagerImpl)
2023-08-19 17:35:37,459 - Resource Loader Instantiated: org.apache.velocity.runtime.resource.loader.ClasspathResourceLoader
2023-08-19 17:35:37,459 - ClasspathResourceLoader : initialization starting.
2023-08-19 17:35:37,459 - ClasspathResourceLoader : initialization complete.
2023-08-19 17:35:37,475 - ResourceCache : initialized. (class org.apache.velocity.runtime.resource.ResourceCacheImpl)
2023-08-19 17:35:37,475 - Default ResourceManager initialization complete.
2023-08-19 17:35:37,475 - Loaded System Directive: org.apache.velocity.runtime.directive.Literal
2023-08-19 17:35:37,475 - Loaded System Directive: org.apache.velocity.runtime.directive.Macro
2023-08-19 17:35:37,475 - Loaded System Directive: org.apache.velocity.runtime.directive.Parse
2023-08-19 17:35:37,475 - Loaded System Directive: org.apache.velocity.runtime.directive.Include
2023-08-19 17:35:37,481 - Loaded System Directive: org.apache.velocity.runtime.directive.Foreach
2023-08-19 17:35:37,481 - Created: 20 parsers.
2023-08-19 17:35:37,497 - Velocimacro : initialization starting.
2023-08-19 17:35:37,497 - Velocimacro : adding VMs from VM library template : VM_global_library.vm
2023-08-19 17:35:37,497 - ResourceManager : unable to find resource 'VM_global_library.vm' in any resource loader.
2023-08-19 17:35:37,497 - Velocimacro : error using  VM library template VM_global_library.vm : org.apache.velocity.exception.ResourceNotFoundException: Unable to find resource 'VM_global_library.vm'
2023-08-19 17:35:37,497 - Velocimacro :  VM library template macro registration complete.
2023-08-19 17:35:37,497 - Velocimacro : allowInline = true : VMs can be defined inline in templates
2023-08-19 17:35:37,497 - Velocimacro : allowInlineToOverride = false : VMs defined inline may NOT replace previous VM definitions
2023-08-19 17:35:37,497 - Velocimacro : allowInlineLocal = false : VMs defined inline will be  global in scope if allowed.
2023-08-19 17:35:37,497 - Velocimacro : messages on  : VM system will output logging messages
2023-08-19 17:35:37,497 - Velocimacro : autoload off  : VM system will not automatically reload global library macros
2023-08-19 17:35:37,497 - Velocimacro : initialization complete.
2023-08-19 17:35:37,497 - Velocity successfully started.
2023-08-19 17:36:22,293 - SimpleLog4JLogSystem initialized using logfile 'velocity.log'
2023-08-19 17:36:22,293 - ************************************************************** 
2023-08-19 17:36:22,293 - Starting Jakarta Velocity v1.4
2023-08-19 17:36:22,293 - RuntimeInstance initializing.
2023-08-19 17:36:22,293 - Default Properties File: org\apache\velocity\runtime\defaults\velocity.properties
2023-08-19 17:36:22,293 - Trying to use logger class org.apache.velocity.runtime.log.SimpleLog4JLogSystem
2023-08-19 17:36:22,293 - Using logger class org.apache.velocity.runtime.log.SimpleLog4JLogSystem
2023-08-19 17:36:22,293 - Default ResourceManager initializing. (class org.apache.velocity.runtime.resource.ResourceManagerImpl)
2023-08-19 17:36:22,293 - Resource Loader Instantiated: org.apache.velocity.runtime.resource.loader.ClasspathResourceLoader
2023-08-19 17:36:22,293 - ClasspathResourceLoader : initialization starting.
2023-08-19 17:36:22,293 - ClasspathResourceLoader : initialization complete.
2023-08-19 17:36:22,293 - ResourceCache : initialized. (class org.apache.velocity.runtime.resource.ResourceCacheImpl)
2023-08-19 17:36:22,293 - Default ResourceManager initialization complete.
2023-08-19 17:36:22,293 - Loaded System Directive: org.apache.velocity.runtime.directive.Literal
2023-08-19 17:36:22,293 - Loaded System Directive: org.apache.velocity.runtime.directive.Macro
2023-08-19 17:36:22,293 - Loaded System Directive: org.apache.velocity.runtime.directive.Parse
2023-08-19 17:36:22,293 - Loaded System Directive: org.apache.velocity.runtime.directive.Include
2023-08-19 17:36:22,293 - Loaded System Directive: org.apache.velocity.runtime.directive.Foreach
2023-08-19 17:36:22,309 - Created: 20 parsers.
2023-08-19 17:36:22,324 - Velocimacro : initialization starting.
2023-08-19 17:36:22,324 - Velocimacro : adding VMs from VM library template : VM_global_library.vm
2023-08-19 17:36:22,324 - ResourceManager : unable to find resource 'VM_global_library.vm' in any resource loader.
2023-08-19 17:36:22,324 - Velocimacro : error using  VM library template VM_global_library.vm : org.apache.velocity.exception.ResourceNotFoundException: Unable to find resource 'VM_global_library.vm'
2023-08-19 17:36:22,324 - Velocimacro :  VM library template macro registration complete.
2023-08-19 17:36:22,324 - Velocimacro : allowInline = true : VMs can be defined inline in templates
2023-08-19 17:36:22,324 - Velocimacro : allowInlineToOverride = false : VMs defined inline may NOT replace previous VM definitions
2023-08-19 17:36:22,324 - Velocimacro : allowInlineLocal = false : VMs defined inline will be  global in scope if allowed.
2023-08-19 17:36:22,324 - Velocimacro : messages on  : VM system will output logging messages
2023-08-19 17:36:22,324 - Velocimacro : autoload off  : VM system will not automatically reload global library macros
2023-08-19 17:36:22,324 - Velocimacro : initialization complete.
2023-08-19 17:36:22,324 - Velocity successfully started.
2023-08-19 17:43:05,551 - SimpleLog4JLogSystem initialized using logfile 'velocity.log'
2023-08-19 17:43:05,551 - ************************************************************** 
2023-08-19 17:43:05,551 - Starting Jakarta Velocity v1.4
2023-08-19 17:43:05,551 - RuntimeInstance initializing.
2023-08-19 17:43:05,551 - Default Properties File: org\apache\velocity\runtime\defaults\velocity.properties
2023-08-19 17:43:05,551 - Trying to use logger class org.apache.velocity.runtime.log.SimpleLog4JLogSystem
2023-08-19 17:43:05,551 - Using logger class org.apache.velocity.runtime.log.SimpleLog4JLogSystem
2023-08-19 17:43:05,551 - Default ResourceManager initializing. (class org.apache.velocity.runtime.resource.ResourceManagerImpl)
2023-08-19 17:43:05,551 - Resource Loader Instantiated: org.apache.velocity.runtime.resource.loader.ClasspathResourceLoader
2023-08-19 17:43:05,551 - ClasspathResourceLoader : initialization starting.
2023-08-19 17:43:05,551 - ClasspathResourceLoader : initialization complete.
2023-08-19 17:43:05,551 - ResourceCache : initialized. (class org.apache.velocity.runtime.resource.ResourceCacheImpl)
2023-08-19 17:43:05,551 - Default ResourceManager initialization complete.
2023-08-19 17:43:05,551 - Loaded System Directive: org.apache.velocity.runtime.directive.Literal
2023-08-19 17:43:05,551 - Loaded System Directive: org.apache.velocity.runtime.directive.Macro
2023-08-19 17:43:05,551 - Loaded System Directive: org.apache.velocity.runtime.directive.Parse
2023-08-19 17:43:05,551 - Loaded System Directive: org.apache.velocity.runtime.directive.Include
2023-08-19 17:43:05,567 - Loaded System Directive: org.apache.velocity.runtime.directive.Foreach
2023-08-19 17:43:05,567 - Created: 20 parsers.
2023-08-19 17:43:05,582 - Velocimacro : initialization starting.
2023-08-19 17:43:05,582 - Velocimacro : adding VMs from VM library template : VM_global_library.vm
2023-08-19 17:43:05,582 - ResourceManager : unable to find resource 'VM_global_library.vm' in any resource loader.
2023-08-19 17:43:05,582 - Velocimacro : error using  VM library template VM_global_library.vm : org.apache.velocity.exception.ResourceNotFoundException: Unable to find resource 'VM_global_library.vm'
2023-08-19 17:43:05,582 - Velocimacro :  VM library template macro registration complete.
2023-08-19 17:43:05,582 - Velocimacro : allowInline = true : VMs can be defined inline in templates
2023-08-19 17:43:05,582 - Velocimacro : allowInlineToOverride = false : VMs defined inline may NOT replace previous VM definitions
2023-08-19 17:43:05,582 - Velocimacro : allowInlineLocal = false : VMs defined inline will be  global in scope if allowed.
2023-08-19 17:43:05,582 - Velocimacro : messages on  : VM system will output logging messages
2023-08-19 17:43:05,582 - Velocimacro : autoload off  : VM system will not automatically reload global library macros
2023-08-19 17:43:05,582 - Velocimacro : initialization complete.
2023-08-19 17:43:05,582 - Velocity successfully started.
2023-08-19 17:45:42,603 - SimpleLog4JLogSystem initialized using logfile 'velocity.log'
2023-08-19 17:45:42,603 - ************************************************************** 
2023-08-19 17:45:42,603 - Starting Jakarta Velocity v1.4
2023-08-19 17:45:42,603 - RuntimeInstance initializing.
2023-08-19 17:45:42,603 - Default Properties File: org\apache\velocity\runtime\defaults\velocity.properties
2023-08-19 17:45:42,603 - Trying to use logger class org.apache.velocity.runtime.log.SimpleLog4JLogSystem
2023-08-19 17:45:42,603 - Using logger class org.apache.velocity.runtime.log.SimpleLog4JLogSystem
2023-08-19 17:45:42,603 - Default ResourceManager initializing. (class org.apache.velocity.runtime.resource.ResourceManagerImpl)
2023-08-19 17:45:42,603 - Resource Loader Instantiated: org.apache.velocity.runtime.resource.loader.ClasspathResourceLoader
2023-08-19 17:45:42,603 - ClasspathResourceLoader : initialization starting.
2023-08-19 17:45:42,603 - ClasspathResourceLoader : initialization complete.
2023-08-19 17:45:42,603 - ResourceCache : initialized. (class org.apache.velocity.runtime.resource.ResourceCacheImpl)
2023-08-19 17:45:42,603 - Default ResourceManager initialization complete.
2023-08-19 17:45:42,603 - Loaded System Directive: org.apache.velocity.runtime.directive.Literal
2023-08-19 17:45:42,603 - Loaded System Directive: org.apache.velocity.runtime.directive.Macro
2023-08-19 17:45:42,603 - Loaded System Directive: org.apache.velocity.runtime.directive.Parse
2023-08-19 17:45:42,603 - Loaded System Directive: org.apache.velocity.runtime.directive.Include
2023-08-19 17:45:42,603 - Loaded System Directive: org.apache.velocity.runtime.directive.Foreach
2023-08-19 17:45:42,619 - Created: 20 parsers.
2023-08-19 17:45:42,634 - Velocimacro : initialization starting.
2023-08-19 17:45:42,634 - Velocimacro : adding VMs from VM library template : VM_global_library.vm
2023-08-19 17:45:42,634 - ResourceManager : unable to find resource 'VM_global_library.vm' in any resource loader.
2023-08-19 17:45:42,634 - Velocimacro : error using  VM library template VM_global_library.vm : org.apache.velocity.exception.ResourceNotFoundException: Unable to find resource 'VM_global_library.vm'
2023-08-19 17:45:42,634 - Velocimacro :  VM library template macro registration complete.
2023-08-19 17:45:42,634 - Velocimacro : allowInline = true : VMs can be defined inline in templates
2023-08-19 17:45:42,634 - Velocimacro : allowInlineToOverride = false : VMs defined inline may NOT replace previous VM definitions
2023-08-19 17:45:42,634 - Velocimacro : allowInlineLocal = false : VMs defined inline will be  global in scope if allowed.
2023-08-19 17:45:42,634 - Velocimacro : messages on  : VM system will output logging messages
2023-08-19 17:45:42,634 - Velocimacro : autoload off  : VM system will not automatically reload global library macros
2023-08-19 17:45:42,634 - Velocimacro : initialization complete.
2023-08-19 17:45:42,634 - Velocity successfully started.
2023-08-19 17:47:07,353 - SimpleLog4JLogSystem initialized using logfile 'velocity.log'
2023-08-19 17:47:07,353 - ************************************************************** 
2023-08-19 17:47:07,353 - Starting Jakarta Velocity v1.4
2023-08-19 17:47:07,353 - RuntimeInstance initializing.
2023-08-19 17:47:07,353 - Default Properties File: org\apache\velocity\runtime\defaults\velocity.properties
2023-08-19 17:47:07,353 - Trying to use logger class org.apache.velocity.runtime.log.SimpleLog4JLogSystem
2023-08-19 17:47:07,353 - Using logger class org.apache.velocity.runtime.log.SimpleLog4JLogSystem
2023-08-19 17:47:07,353 - Default ResourceManager initializing. (class org.apache.velocity.runtime.resource.ResourceManagerImpl)
2023-08-19 17:47:07,368 - Resource Loader Instantiated: org.apache.velocity.runtime.resource.loader.ClasspathResourceLoader
2023-08-19 17:47:07,368 - ClasspathResourceLoader : initialization starting.
2023-08-19 17:47:07,368 - ClasspathResourceLoader : initialization complete.
2023-08-19 17:47:07,368 - ResourceCache : initialized. (class org.apache.velocity.runtime.resource.ResourceCacheImpl)
2023-08-19 17:47:07,368 - Default ResourceManager initialization complete.
2023-08-19 17:47:07,368 - Loaded System Directive: org.apache.velocity.runtime.directive.Literal
2023-08-19 17:47:07,368 - Loaded System Directive: org.apache.velocity.runtime.directive.Macro
2023-08-19 17:47:07,368 - Loaded System Directive: org.apache.velocity.runtime.directive.Parse
2023-08-19 17:47:07,368 - Loaded System Directive: org.apache.velocity.runtime.directive.Include
2023-08-19 17:47:07,368 - Loaded System Directive: org.apache.velocity.runtime.directive.Foreach
2023-08-19 17:47:07,384 - Created: 20 parsers.
2023-08-19 17:47:07,390 - Velocimacro : initialization starting.
2023-08-19 17:47:07,390 - Velocimacro : adding VMs from VM library template : VM_global_library.vm
2023-08-19 17:47:07,390 - ResourceManager : unable to find resource 'VM_global_library.vm' in any resource loader.
2023-08-19 17:47:07,390 - Velocimacro : error using  VM library template VM_global_library.vm : org.apache.velocity.exception.ResourceNotFoundException: Unable to find resource 'VM_global_library.vm'
2023-08-19 17:47:07,390 - Velocimacro :  VM library template macro registration complete.
2023-08-19 17:47:07,390 - Velocimacro : allowInline = true : VMs can be defined inline in templates
2023-08-19 17:47:07,390 - Velocimacro : allowInlineToOverride = false : VMs defined inline may NOT replace previous VM definitions
2023-08-19 17:47:07,390 - Velocimacro : allowInlineLocal = false : VMs defined inline will be  global in scope if allowed.
2023-08-19 17:47:07,390 - Velocimacro : messages on  : VM system will output logging messages
2023-08-19 17:47:07,390 - Velocimacro : autoload off  : VM system will not automatically reload global library macros
2023-08-19 17:47:07,390 - Velocimacro : initialization complete.
2023-08-19 17:47:07,390 - Velocity successfully started.
2023-08-19 17:48:36,115 - SimpleLog4JLogSystem initialized using logfile 'velocity.log'
2023-08-19 17:48:36,115 - ************************************************************** 
2023-08-19 17:48:36,115 - Starting Jakarta Velocity v1.4
2023-08-19 17:48:36,115 - RuntimeInstance initializing.
2023-08-19 17:48:36,115 - Default Properties File: org\apache\velocity\runtime\defaults\velocity.properties
2023-08-19 17:48:36,115 - Trying to use logger class org.apache.velocity.runtime.log.SimpleLog4JLogSystem
2023-08-19 17:48:36,115 - Using logger class org.apache.velocity.runtime.log.SimpleLog4JLogSystem
2023-08-19 17:48:36,115 - Default ResourceManager initializing. (class org.apache.velocity.runtime.resource.ResourceManagerImpl)
2023-08-19 17:48:36,115 - Resource Loader Instantiated: org.apache.velocity.runtime.resource.loader.ClasspathResourceLoader
2023-08-19 17:48:36,115 - ClasspathResourceLoader : initialization starting.
2023-08-19 17:48:36,115 - ClasspathResourceLoader : initialization complete.
2023-08-19 17:48:36,115 - ResourceCache : initialized. (class org.apache.velocity.runtime.resource.ResourceCacheImpl)
2023-08-19 17:48:36,115 - Default ResourceManager initialization complete.
2023-08-19 17:48:36,115 - Loaded System Directive: org.apache.velocity.runtime.directive.Literal
2023-08-19 17:48:36,115 - Loaded System Directive: org.apache.velocity.runtime.directive.Macro
2023-08-19 17:48:36,123 - Loaded System Directive: org.apache.velocity.runtime.directive.Parse
2023-08-19 17:48:36,123 - Loaded System Directive: org.apache.velocity.runtime.directive.Include
2023-08-19 17:48:36,125 - Loaded System Directive: org.apache.velocity.runtime.directive.Foreach
2023-08-19 17:48:36,135 - Created: 20 parsers.
2023-08-19 17:48:36,146 - Velocimacro : initialization starting.
2023-08-19 17:48:36,146 - Velocimacro : adding VMs from VM library template : VM_global_library.vm
2023-08-19 17:48:36,146 - ResourceManager : unable to find resource 'VM_global_library.vm' in any resource loader.
2023-08-19 17:48:36,146 - Velocimacro : error using  VM library template VM_global_library.vm : org.apache.velocity.exception.ResourceNotFoundException: Unable to find resource 'VM_global_library.vm'
2023-08-19 17:48:36,146 - Velocimacro :  VM library template macro registration complete.
2023-08-19 17:48:36,146 - Velocimacro : allowInline = true : VMs can be defined inline in templates
2023-08-19 17:48:36,146 - Velocimacro : allowInlineToOverride = false : VMs defined inline may NOT replace previous VM definitions
2023-08-19 17:48:36,146 - Velocimacro : allowInlineLocal = false : VMs defined inline will be  global in scope if allowed.
2023-08-19 17:48:36,146 - Velocimacro : messages on  : VM system will output logging messages
2023-08-19 17:48:36,146 - Velocimacro : autoload off  : VM system will not automatically reload global library macros
2023-08-19 17:48:36,146 - Velocimacro : initialization complete.
2023-08-19 17:48:36,146 - Velocity successfully started.
2023-08-19 17:53:18,024 - SimpleLog4JLogSystem initialized using logfile 'velocity.log'
2023-08-19 17:53:18,024 - ************************************************************** 
2023-08-19 17:53:18,024 - Starting Jakarta Velocity v1.4
2023-08-19 17:53:18,024 - RuntimeInstance initializing.
2023-08-19 17:53:18,024 - Default Properties File: org\apache\velocity\runtime\defaults\velocity.properties
2023-08-19 17:53:18,024 - Trying to use logger class org.apache.velocity.runtime.log.SimpleLog4JLogSystem
2023-08-19 17:53:18,024 - Using logger class org.apache.velocity.runtime.log.SimpleLog4JLogSystem
2023-08-19 17:53:18,024 - Default ResourceManager initializing. (class org.apache.velocity.runtime.resource.ResourceManagerImpl)
2023-08-19 17:53:18,024 - Resource Loader Instantiated: org.apache.velocity.runtime.resource.loader.ClasspathResourceLoader
2023-08-19 17:53:18,024 - ClasspathResourceLoader : initialization starting.
2023-08-19 17:53:18,024 - ClasspathResourceLoader : initialization complete.
2023-08-19 17:53:18,024 - ResourceCache : initialized. (class org.apache.velocity.runtime.resource.ResourceCacheImpl)
2023-08-19 17:53:18,024 - Default ResourceManager initialization complete.
2023-08-19 17:53:18,024 - Loaded System Directive: org.apache.velocity.runtime.directive.Literal
2023-08-19 17:53:18,024 - Loaded System Directive: org.apache.velocity.runtime.directive.Macro
2023-08-19 17:53:18,024 - Loaded System Directive: org.apache.velocity.runtime.directive.Parse
2023-08-19 17:53:18,024 - Loaded System Directive: org.apache.velocity.runtime.directive.Include
2023-08-19 17:53:18,024 - Loaded System Directive: org.apache.velocity.runtime.directive.Foreach
2023-08-19 17:53:18,040 - Created: 20 parsers.
2023-08-19 17:53:18,040 - Velocimacro : initialization starting.
2023-08-19 17:53:18,040 - Velocimacro : adding VMs from VM library template : VM_global_library.vm
2023-08-19 17:53:18,055 - ResourceManager : unable to find resource 'VM_global_library.vm' in any resource loader.
2023-08-19 17:53:18,055 - Velocimacro : error using  VM library template VM_global_library.vm : org.apache.velocity.exception.ResourceNotFoundException: Unable to find resource 'VM_global_library.vm'
2023-08-19 17:53:18,055 - Velocimacro :  VM library template macro registration complete.
2023-08-19 17:53:18,055 - Velocimacro : allowInline = true : VMs can be defined inline in templates
2023-08-19 17:53:18,055 - Velocimacro : allowInlineToOverride = false : VMs defined inline may NOT replace previous VM definitions
2023-08-19 17:53:18,055 - Velocimacro : allowInlineLocal = false : VMs defined inline will be  global in scope if allowed.
2023-08-19 17:53:18,055 - Velocimacro : messages on  : VM system will output logging messages
2023-08-19 17:53:18,055 - Velocimacro : autoload off  : VM system will not automatically reload global library macros
2023-08-19 17:53:18,055 - Velocimacro : initialization complete.
2023-08-19 17:53:18,055 - Velocity successfully started.
2023-08-19 17:55:46,958 - SimpleLog4JLogSystem initialized using logfile 'velocity.log'
2023-08-19 17:55:46,958 - ************************************************************** 
2023-08-19 17:55:46,958 - Starting Jakarta Velocity v1.4
2023-08-19 17:55:46,958 - RuntimeInstance initializing.
2023-08-19 17:55:46,958 - Default Properties File: org\apache\velocity\runtime\defaults\velocity.properties
2023-08-19 17:55:46,958 - Trying to use logger class org.apache.velocity.runtime.log.SimpleLog4JLogSystem
2023-08-19 17:55:46,958 - Using logger class org.apache.velocity.runtime.log.SimpleLog4JLogSystem
2023-08-19 17:55:46,958 - Default ResourceManager initializing. (class org.apache.velocity.runtime.resource.ResourceManagerImpl)
2023-08-19 17:55:46,958 - Resource Loader Instantiated: org.apache.velocity.runtime.resource.loader.ClasspathResourceLoader
2023-08-19 17:55:46,958 - ClasspathResourceLoader : initialization starting.
2023-08-19 17:55:46,958 - ClasspathResourceLoader : initialization complete.
2023-08-19 17:55:46,958 - ResourceCache : initialized. (class org.apache.velocity.runtime.resource.ResourceCacheImpl)
2023-08-19 17:55:46,958 - Default ResourceManager initialization complete.
2023-08-19 17:55:46,958 - Loaded System Directive: org.apache.velocity.runtime.directive.Literal
2023-08-19 17:55:46,958 - Loaded System Directive: org.apache.velocity.runtime.directive.Macro
2023-08-19 17:55:46,958 - Loaded System Directive: org.apache.velocity.runtime.directive.Parse
2023-08-19 17:55:46,958 - Loaded System Directive: org.apache.velocity.runtime.directive.Include
2023-08-19 17:55:46,974 - Loaded System Directive: org.apache.velocity.runtime.directive.Foreach
2023-08-19 17:55:46,985 - Created: 20 parsers.
2023-08-19 17:55:46,985 - Velocimacro : initialization starting.
2023-08-19 17:55:46,985 - Velocimacro : adding VMs from VM library template : VM_global_library.vm
2023-08-19 17:55:46,985 - ResourceManager : unable to find resource 'VM_global_library.vm' in any resource loader.
2023-08-19 17:55:46,985 - Velocimacro : error using  VM library template VM_global_library.vm : org.apache.velocity.exception.ResourceNotFoundException: Unable to find resource 'VM_global_library.vm'
2023-08-19 17:55:46,985 - Velocimacro :  VM library template macro registration complete.
2023-08-19 17:55:46,985 - Velocimacro : allowInline = true : VMs can be defined inline in templates
2023-08-19 17:55:46,985 - Velocimacro : allowInlineToOverride = false : VMs defined inline may NOT replace previous VM definitions
2023-08-19 17:55:46,985 - Velocimacro : allowInlineLocal = false : VMs defined inline will be  global in scope if allowed.
2023-08-19 17:55:46,985 - Velocimacro : messages on  : VM system will output logging messages
2023-08-19 17:55:46,985 - Velocimacro : autoload off  : VM system will not automatically reload global library macros
2023-08-19 17:55:46,985 - Velocimacro : initialization complete.
2023-08-19 17:55:46,985 - Velocity successfully started.
2023-08-19 17:56:55,951 - SimpleLog4JLogSystem initialized using logfile 'velocity.log'
2023-08-19 17:56:55,951 - ************************************************************** 
2023-08-19 17:56:55,951 - Starting Jakarta Velocity v1.4
2023-08-19 17:56:55,951 - RuntimeInstance initializing.
2023-08-19 17:56:55,951 - Default Properties File: org\apache\velocity\runtime\defaults\velocity.properties
2023-08-19 17:56:55,951 - Trying to use logger class org.apache.velocity.runtime.log.SimpleLog4JLogSystem
2023-08-19 17:56:55,951 - Using logger class org.apache.velocity.runtime.log.SimpleLog4JLogSystem
2023-08-19 17:56:55,951 - Default ResourceManager initializing. (class org.apache.velocity.runtime.resource.ResourceManagerImpl)
2023-08-19 17:56:55,951 - Resource Loader Instantiated: org.apache.velocity.runtime.resource.loader.ClasspathResourceLoader
2023-08-19 17:56:55,951 - ClasspathResourceLoader : initialization starting.
2023-08-19 17:56:55,951 - ClasspathResourceLoader : initialization complete.
2023-08-19 17:56:55,951 - ResourceCache : initialized. (class org.apache.velocity.runtime.resource.ResourceCacheImpl)
2023-08-19 17:56:55,951 - Default ResourceManager initialization complete.
2023-08-19 17:56:55,951 - Loaded System Directive: org.apache.velocity.runtime.directive.Literal
2023-08-19 17:56:55,951 - Loaded System Directive: org.apache.velocity.runtime.directive.Macro
2023-08-19 17:56:55,967 - Loaded System Directive: org.apache.velocity.runtime.directive.Parse
2023-08-19 17:56:55,967 - Loaded System Directive: org.apache.velocity.runtime.directive.Include
2023-08-19 17:56:55,967 - Loaded System Directive: org.apache.velocity.runtime.directive.Foreach
2023-08-19 17:56:55,982 - Created: 20 parsers.
2023-08-19 17:56:55,982 - Velocimacro : initialization starting.
2023-08-19 17:56:55,982 - Velocimacro : adding VMs from VM library template : VM_global_library.vm
2023-08-19 17:56:55,982 - ResourceManager : unable to find resource 'VM_global_library.vm' in any resource loader.
2023-08-19 17:56:55,982 - Velocimacro : error using  VM library template VM_global_library.vm : org.apache.velocity.exception.ResourceNotFoundException: Unable to find resource 'VM_global_library.vm'
2023-08-19 17:56:55,982 - Velocimacro :  VM library template macro registration complete.
2023-08-19 17:56:55,982 - Velocimacro : allowInline = true : VMs can be defined inline in templates
2023-08-19 17:56:55,982 - Velocimacro : allowInlineToOverride = false : VMs defined inline may NOT replace previous VM definitions
2023-08-19 17:56:55,982 - Velocimacro : allowInlineLocal = false : VMs defined inline will be  global in scope if allowed.
2023-08-19 17:56:55,982 - Velocimacro : messages on  : VM system will output logging messages
2023-08-19 17:56:55,982 - Velocimacro : autoload off  : VM system will not automatically reload global library macros
2023-08-19 17:56:55,982 - Velocimacro : initialization complete.
2023-08-19 17:56:55,982 - Velocity successfully started.
2023-08-19 17:59:29,060 - SimpleLog4JLogSystem initialized using logfile 'velocity.log'
2023-08-19 17:59:29,060 - ************************************************************** 
2023-08-19 17:59:29,060 - Starting Jakarta Velocity v1.4
2023-08-19 17:59:29,060 - RuntimeInstance initializing.
2023-08-19 17:59:29,060 - Default Properties File: org\apache\velocity\runtime\defaults\velocity.properties
2023-08-19 17:59:29,060 - Trying to use logger class org.apache.velocity.runtime.log.SimpleLog4JLogSystem
2023-08-19 17:59:29,060 - Using logger class org.apache.velocity.runtime.log.SimpleLog4JLogSystem
2023-08-19 17:59:29,060 - Default ResourceManager initializing. (class org.apache.velocity.runtime.resource.ResourceManagerImpl)
2023-08-19 17:59:29,060 - Resource Loader Instantiated: org.apache.velocity.runtime.resource.loader.ClasspathResourceLoader
2023-08-19 17:59:29,060 - ClasspathResourceLoader : initialization starting.
2023-08-19 17:59:29,060 - ClasspathResourceLoader : initialization complete.
2023-08-19 17:59:29,060 - ResourceCache : initialized. (class org.apache.velocity.runtime.resource.ResourceCacheImpl)
2023-08-19 17:59:29,060 - Default ResourceManager initialization complete.
2023-08-19 17:59:29,060 - Loaded System Directive: org.apache.velocity.runtime.directive.Literal
2023-08-19 17:59:29,060 - Loaded System Directive: org.apache.velocity.runtime.directive.Macro
2023-08-19 17:59:29,060 - Loaded System Directive: org.apache.velocity.runtime.directive.Parse
2023-08-19 17:59:29,060 - Loaded System Directive: org.apache.velocity.runtime.directive.Include
2023-08-19 17:59:29,060 - Loaded System Directive: org.apache.velocity.runtime.directive.Foreach
2023-08-19 17:59:29,075 - Created: 20 parsers.
2023-08-19 17:59:29,075 - Velocimacro : initialization starting.
2023-08-19 17:59:29,075 - Velocimacro : adding VMs from VM library template : VM_global_library.vm
2023-08-19 17:59:29,091 - ResourceManager : unable to find resource 'VM_global_library.vm' in any resource loader.
2023-08-19 17:59:29,091 - Velocimacro : error using  VM library template VM_global_library.vm : org.apache.velocity.exception.ResourceNotFoundException: Unable to find resource 'VM_global_library.vm'
2023-08-19 17:59:29,091 - Velocimacro :  VM library template macro registration complete.
2023-08-19 17:59:29,091 - Velocimacro : allowInline = true : VMs can be defined inline in templates
2023-08-19 17:59:29,091 - Velocimacro : allowInlineToOverride = false : VMs defined inline may NOT replace previous VM definitions
2023-08-19 17:59:29,091 - Velocimacro : allowInlineLocal = false : VMs defined inline will be  global in scope if allowed.
2023-08-19 17:59:29,091 - Velocimacro : messages on  : VM system will output logging messages
2023-08-19 17:59:29,091 - Velocimacro : autoload off  : VM system will not automatically reload global library macros
2023-08-19 17:59:29,091 - Velocimacro : initialization complete.
2023-08-19 17:59:29,091 - Velocity successfully started.
2023-08-19 18:00:34,702 - SimpleLog4JLogSystem initialized using logfile 'velocity.log'
2023-08-19 18:00:34,702 - ************************************************************** 
2023-08-19 18:00:34,702 - Starting Jakarta Velocity v1.4
2023-08-19 18:00:34,702 - RuntimeInstance initializing.
2023-08-19 18:00:34,702 - Default Properties File: org\apache\velocity\runtime\defaults\velocity.properties
2023-08-19 18:00:34,702 - Trying to use logger class org.apache.velocity.runtime.log.SimpleLog4JLogSystem
2023-08-19 18:00:34,702 - Using logger class org.apache.velocity.runtime.log.SimpleLog4JLogSystem
2023-08-19 18:00:34,702 - Default ResourceManager initializing. (class org.apache.velocity.runtime.resource.ResourceManagerImpl)
2023-08-19 18:00:34,702 - Resource Loader Instantiated: org.apache.velocity.runtime.resource.loader.ClasspathResourceLoader
2023-08-19 18:00:34,702 - ClasspathResourceLoader : initialization starting.
2023-08-19 18:00:34,702 - ClasspathResourceLoader : initialization complete.
2023-08-19 18:00:34,702 - ResourceCache : initialized. (class org.apache.velocity.runtime.resource.ResourceCacheImpl)
2023-08-19 18:00:34,702 - Default ResourceManager initialization complete.
2023-08-19 18:00:34,702 - Loaded System Directive: org.apache.velocity.runtime.directive.Literal
2023-08-19 18:00:34,718 - Loaded System Directive: org.apache.velocity.runtime.directive.Macro
2023-08-19 18:00:34,718 - Loaded System Directive: org.apache.velocity.runtime.directive.Parse
2023-08-19 18:00:34,718 - Loaded System Directive: org.apache.velocity.runtime.directive.Include
2023-08-19 18:00:34,718 - Loaded System Directive: org.apache.velocity.runtime.directive.Foreach
2023-08-19 18:00:34,733 - Created: 20 parsers.
2023-08-19 18:00:34,733 - Velocimacro : initialization starting.
2023-08-19 18:00:34,733 - Velocimacro : adding VMs from VM library template : VM_global_library.vm
2023-08-19 18:00:34,733 - ResourceManager : unable to find resource 'VM_global_library.vm' in any resource loader.
2023-08-19 18:00:34,733 - Velocimacro : error using  VM library template VM_global_library.vm : org.apache.velocity.exception.ResourceNotFoundException: Unable to find resource 'VM_global_library.vm'
2023-08-19 18:00:34,733 - Velocimacro :  VM library template macro registration complete.
2023-08-19 18:00:34,733 - Velocimacro : allowInline = true : VMs can be defined inline in templates
2023-08-19 18:00:34,733 - Velocimacro : allowInlineToOverride = false : VMs defined inline may NOT replace previous VM definitions
2023-08-19 18:00:34,733 - Velocimacro : allowInlineLocal = false : VMs defined inline will be  global in scope if allowed.
2023-08-19 18:00:34,733 - Velocimacro : messages on  : VM system will output logging messages
2023-08-19 18:00:34,733 - Velocimacro : autoload off  : VM system will not automatically reload global library macros
2023-08-19 18:00:34,733 - Velocimacro : initialization complete.
2023-08-19 18:00:34,733 - Velocity successfully started.
2023-08-19 18:03:38,658 - SimpleLog4JLogSystem initialized using logfile 'velocity.log'
2023-08-19 18:03:38,658 - ************************************************************** 
2023-08-19 18:03:38,658 - Starting Jakarta Velocity v1.4
2023-08-19 18:03:38,658 - RuntimeInstance initializing.
2023-08-19 18:03:38,658 - Default Properties File: org\apache\velocity\runtime\defaults\velocity.properties
2023-08-19 18:03:38,658 - Trying to use logger class org.apache.velocity.runtime.log.SimpleLog4JLogSystem
2023-08-19 18:03:38,658 - Using logger class org.apache.velocity.runtime.log.SimpleLog4JLogSystem
2023-08-19 18:03:38,674 - Default ResourceManager initializing. (class org.apache.velocity.runtime.resource.ResourceManagerImpl)
2023-08-19 18:03:38,674 - Resource Loader Instantiated: org.apache.velocity.runtime.resource.loader.ClasspathResourceLoader
2023-08-19 18:03:38,674 - ClasspathResourceLoader : initialization starting.
2023-08-19 18:03:38,674 - ClasspathResourceLoader : initialization complete.
2023-08-19 18:03:38,674 - ResourceCache : initialized. (class org.apache.velocity.runtime.resource.ResourceCacheImpl)
2023-08-19 18:03:38,674 - Default ResourceManager initialization complete.
2023-08-19 18:03:38,674 - Loaded System Directive: org.apache.velocity.runtime.directive.Literal
2023-08-19 18:03:38,674 - Loaded System Directive: org.apache.velocity.runtime.directive.Macro
2023-08-19 18:03:38,674 - Loaded System Directive: org.apache.velocity.runtime.directive.Parse
2023-08-19 18:03:38,674 - Loaded System Directive: org.apache.velocity.runtime.directive.Include
2023-08-19 18:03:38,674 - Loaded System Directive: org.apache.velocity.runtime.directive.Foreach
2023-08-19 18:03:38,689 - Created: 20 parsers.
2023-08-19 18:03:38,689 - Velocimacro : initialization starting.
2023-08-19 18:03:38,689 - Velocimacro : adding VMs from VM library template : VM_global_library.vm
2023-08-19 18:03:38,689 - ResourceManager : unable to find resource 'VM_global_library.vm' in any resource loader.
2023-08-19 18:03:38,689 - Velocimacro : error using  VM library template VM_global_library.vm : org.apache.velocity.exception.ResourceNotFoundException: Unable to find resource 'VM_global_library.vm'
2023-08-19 18:03:38,689 - Velocimacro :  VM library template macro registration complete.
2023-08-19 18:03:38,689 - Velocimacro : allowInline = true : VMs can be defined inline in templates
2023-08-19 18:03:38,689 - Velocimacro : allowInlineToOverride = false : VMs defined inline may NOT replace previous VM definitions
2023-08-19 18:03:38,689 - Velocimacro : allowInlineLocal = false : VMs defined inline will be  global in scope if allowed.
2023-08-19 18:03:38,689 - Velocimacro : messages on  : VM system will output logging messages
2023-08-19 18:03:38,689 - Velocimacro : autoload off  : VM system will not automatically reload global library macros
2023-08-19 18:03:38,689 - Velocimacro : initialization complete.
2023-08-19 18:03:38,689 - Velocity successfully started.
2023-08-19 18:04:32,757 - SimpleLog4JLogSystem initialized using logfile 'velocity.log'
2023-08-19 18:04:32,757 - ************************************************************** 
2023-08-19 18:04:32,757 - Starting Jakarta Velocity v1.4
2023-08-19 18:04:32,757 - RuntimeInstance initializing.
2023-08-19 18:04:32,757 - Default Properties File: org\apache\velocity\runtime\defaults\velocity.properties
2023-08-19 18:04:32,757 - Trying to use logger class org.apache.velocity.runtime.log.SimpleLog4JLogSystem
2023-08-19 18:04:32,757 - Using logger class org.apache.velocity.runtime.log.SimpleLog4JLogSystem
2023-08-19 18:04:32,757 - Default ResourceManager initializing. (class org.apache.velocity.runtime.resource.ResourceManagerImpl)
2023-08-19 18:04:32,757 - Resource Loader Instantiated: org.apache.velocity.runtime.resource.loader.ClasspathResourceLoader
2023-08-19 18:04:32,757 - ClasspathResourceLoader : initialization starting.
2023-08-19 18:04:32,757 - ClasspathResourceLoader : initialization complete.
2023-08-19 18:04:32,757 - ResourceCache : initialized. (class org.apache.velocity.runtime.resource.ResourceCacheImpl)
2023-08-19 18:04:32,757 - Default ResourceManager initialization complete.
2023-08-19 18:04:32,757 - Loaded System Directive: org.apache.velocity.runtime.directive.Literal
2023-08-19 18:04:32,757 - Loaded System Directive: org.apache.velocity.runtime.directive.Macro
2023-08-19 18:04:32,773 - Loaded System Directive: org.apache.velocity.runtime.directive.Parse
2023-08-19 18:04:32,773 - Loaded System Directive: org.apache.velocity.runtime.directive.Include
2023-08-19 18:04:32,773 - Loaded System Directive: org.apache.velocity.runtime.directive.Foreach
2023-08-19 18:04:32,789 - Created: 20 parsers.
2023-08-19 18:04:32,789 - Velocimacro : initialization starting.
2023-08-19 18:04:32,789 - Velocimacro : adding VMs from VM library template : VM_global_library.vm
2023-08-19 18:04:32,789 - ResourceManager : unable to find resource 'VM_global_library.vm' in any resource loader.
2023-08-19 18:04:32,789 - Velocimacro : error using  VM library template VM_global_library.vm : org.apache.velocity.exception.ResourceNotFoundException: Unable to find resource 'VM_global_library.vm'
2023-08-19 18:04:32,789 - Velocimacro :  VM library template macro registration complete.
2023-08-19 18:04:32,789 - Velocimacro : allowInline = true : VMs can be defined inline in templates
2023-08-19 18:04:32,789 - Velocimacro : allowInlineToOverride = false : VMs defined inline may NOT replace previous VM definitions
2023-08-19 18:04:32,789 - Velocimacro : allowInlineLocal = false : VMs defined inline will be  global in scope if allowed.
2023-08-19 18:04:32,789 - Velocimacro : messages on  : VM system will output logging messages
2023-08-19 18:04:32,789 - Velocimacro : autoload off  : VM system will not automatically reload global library macros
2023-08-19 18:04:32,789 - Velocimacro : initialization complete.
2023-08-19 18:04:32,789 - Velocity successfully started.
2023-08-19 18:05:25,704 - SimpleLog4JLogSystem initialized using logfile 'velocity.log'
2023-08-19 18:05:25,704 - ************************************************************** 
2023-08-19 18:05:25,704 - Starting Jakarta Velocity v1.4
2023-08-19 18:05:25,704 - RuntimeInstance initializing.
2023-08-19 18:05:25,704 - Default Properties File: org\apache\velocity\runtime\defaults\velocity.properties
2023-08-19 18:05:25,704 - Trying to use logger class org.apache.velocity.runtime.log.SimpleLog4JLogSystem
2023-08-19 18:05:25,704 - Using logger class org.apache.velocity.runtime.log.SimpleLog4JLogSystem
2023-08-19 18:05:25,704 - Default ResourceManager initializing. (class org.apache.velocity.runtime.resource.ResourceManagerImpl)
2023-08-19 18:05:25,704 - Resource Loader Instantiated: org.apache.velocity.runtime.resource.loader.ClasspathResourceLoader
2023-08-19 18:05:25,704 - ClasspathResourceLoader : initialization starting.
2023-08-19 18:05:25,704 - ClasspathResourceLoader : initialization complete.
2023-08-19 18:05:25,704 - ResourceCache : initialized. (class org.apache.velocity.runtime.resource.ResourceCacheImpl)
2023-08-19 18:05:25,704 - Default ResourceManager initialization complete.
2023-08-19 18:05:25,704 - Loaded System Directive: org.apache.velocity.runtime.directive.Literal
2023-08-19 18:05:25,704 - Loaded System Directive: org.apache.velocity.runtime.directive.Macro
2023-08-19 18:05:25,704 - Loaded System Directive: org.apache.velocity.runtime.directive.Parse
2023-08-19 18:05:25,704 - Loaded System Directive: org.apache.velocity.runtime.directive.Include
2023-08-19 18:05:25,704 - Loaded System Directive: org.apache.velocity.runtime.directive.Foreach
2023-08-19 18:05:25,719 - Created: 20 parsers.
2023-08-19 18:05:25,735 - Velocimacro : initialization starting.
2023-08-19 18:05:25,735 - Velocimacro : adding VMs from VM library template : VM_global_library.vm
2023-08-19 18:05:25,735 - ResourceManager : unable to find resource 'VM_global_library.vm' in any resource loader.
2023-08-19 18:05:25,735 - Velocimacro : error using  VM library template VM_global_library.vm : org.apache.velocity.exception.ResourceNotFoundException: Unable to find resource 'VM_global_library.vm'
2023-08-19 18:05:25,735 - Velocimacro :  VM library template macro registration complete.
2023-08-19 18:05:25,735 - Velocimacro : allowInline = true : VMs can be defined inline in templates
2023-08-19 18:05:25,735 - Velocimacro : allowInlineToOverride = false : VMs defined inline may NOT replace previous VM definitions
2023-08-19 18:05:25,735 - Velocimacro : allowInlineLocal = false : VMs defined inline will be  global in scope if allowed.
2023-08-19 18:05:25,735 - Velocimacro : messages on  : VM system will output logging messages
2023-08-19 18:05:25,735 - Velocimacro : autoload off  : VM system will not automatically reload global library macros
2023-08-19 18:05:25,735 - Velocimacro : initialization complete.
2023-08-19 18:05:25,735 - Velocity successfully started.
2023-08-19 18:08:11,733 - SimpleLog4JLogSystem initialized using logfile 'velocity.log'
2023-08-19 18:08:11,733 - ************************************************************** 
2023-08-19 18:08:11,733 - Starting Jakarta Velocity v1.4
2023-08-19 18:08:11,733 - RuntimeInstance initializing.
2023-08-19 18:08:11,733 - Default Properties File: org\apache\velocity\runtime\defaults\velocity.properties
2023-08-19 18:08:11,733 - Trying to use logger class org.apache.velocity.runtime.log.SimpleLog4JLogSystem
2023-08-19 18:08:11,733 - Using logger class org.apache.velocity.runtime.log.SimpleLog4JLogSystem
2023-08-19 18:08:11,733 - Default ResourceManager initializing. (class org.apache.velocity.runtime.resource.ResourceManagerImpl)
2023-08-19 18:08:11,733 - Resource Loader Instantiated: org.apache.velocity.runtime.resource.loader.ClasspathResourceLoader
2023-08-19 18:08:11,733 - ClasspathResourceLoader : initialization starting.
2023-08-19 18:08:11,733 - ClasspathResourceLoader : initialization complete.
2023-08-19 18:08:11,733 - ResourceCache : initialized. (class org.apache.velocity.runtime.resource.ResourceCacheImpl)
2023-08-19 18:08:11,733 - Default ResourceManager initialization complete.
2023-08-19 18:08:11,733 - Loaded System Directive: org.apache.velocity.runtime.directive.Literal
2023-08-19 18:08:11,733 - Loaded System Directive: org.apache.velocity.runtime.directive.Macro
2023-08-19 18:08:11,733 - Loaded System Directive: org.apache.velocity.runtime.directive.Parse
2023-08-19 18:08:11,748 - Loaded System Directive: org.apache.velocity.runtime.directive.Include
2023-08-19 18:08:11,748 - Loaded System Directive: org.apache.velocity.runtime.directive.Foreach
2023-08-19 18:08:11,748 - Created: 20 parsers.
2023-08-19 18:08:11,764 - Velocimacro : initialization starting.
2023-08-19 18:08:11,764 - Velocimacro : adding VMs from VM library template : VM_global_library.vm
2023-08-19 18:08:11,764 - ResourceManager : unable to find resource 'VM_global_library.vm' in any resource loader.
2023-08-19 18:08:11,764 - Velocimacro : error using  VM library template VM_global_library.vm : org.apache.velocity.exception.ResourceNotFoundException: Unable to find resource 'VM_global_library.vm'
2023-08-19 18:08:11,764 - Velocimacro :  VM library template macro registration complete.
2023-08-19 18:08:11,764 - Velocimacro : allowInline = true : VMs can be defined inline in templates
2023-08-19 18:08:11,764 - Velocimacro : allowInlineToOverride = false : VMs defined inline may NOT replace previous VM definitions
2023-08-19 18:08:11,764 - Velocimacro : allowInlineLocal = false : VMs defined inline will be  global in scope if allowed.
2023-08-19 18:08:11,764 - Velocimacro : messages on  : VM system will output logging messages
2023-08-19 18:08:11,764 - Velocimacro : autoload off  : VM system will not automatically reload global library macros
2023-08-19 18:08:11,764 - Velocimacro : initialization complete.
2023-08-19 18:08:11,764 - Velocity successfully started.
2023-08-19 22:02:09,060 - SimpleLog4JLogSystem initialized using logfile 'velocity.log'
2023-08-19 22:02:09,060 - ************************************************************** 
2023-08-19 22:02:09,060 - Starting Jakarta Velocity v1.4
2023-08-19 22:02:09,060 - RuntimeInstance initializing.
2023-08-19 22:02:09,060 - Default Properties File: org\apache\velocity\runtime\defaults\velocity.properties
2023-08-19 22:02:09,060 - Trying to use logger class org.apache.velocity.runtime.log.SimpleLog4JLogSystem
2023-08-19 22:02:09,060 - Using logger class org.apache.velocity.runtime.log.SimpleLog4JLogSystem
2023-08-19 22:02:09,065 - Default ResourceManager initializing. (class org.apache.velocity.runtime.resource.ResourceManagerImpl)
2023-08-19 22:02:09,065 - Resource Loader Instantiated: org.apache.velocity.runtime.resource.loader.ClasspathResourceLoader
2023-08-19 22:02:09,065 - ClasspathResourceLoader : initialization starting.
2023-08-19 22:02:09,065 - ClasspathResourceLoader : initialization complete.
2023-08-19 22:02:09,065 - ResourceCache : initialized. (class org.apache.velocity.runtime.resource.ResourceCacheImpl)
2023-08-19 22:02:09,065 - Default ResourceManager initialization complete.
2023-08-19 22:02:09,065 - Loaded System Directive: org.apache.velocity.runtime.directive.Literal
2023-08-19 22:02:09,070 - Loaded System Directive: org.apache.velocity.runtime.directive.Macro
2023-08-19 22:02:09,070 - Loaded System Directive: org.apache.velocity.runtime.directive.Parse
2023-08-19 22:02:09,070 - Loaded System Directive: org.apache.velocity.runtime.directive.Include
2023-08-19 22:02:09,070 - Loaded System Directive: org.apache.velocity.runtime.directive.Foreach
2023-08-19 22:02:09,085 - Created: 20 parsers.
2023-08-19 22:02:09,090 - Velocimacro : initialization starting.
2023-08-19 22:02:09,090 - Velocimacro : adding VMs from VM library template : VM_global_library.vm
2023-08-19 22:02:09,090 - ResourceManager : unable to find resource 'VM_global_library.vm' in any resource loader.
2023-08-19 22:02:09,090 - Velocimacro : error using  VM library template VM_global_library.vm : org.apache.velocity.exception.ResourceNotFoundException: Unable to find resource 'VM_global_library.vm'
2023-08-19 22:02:09,090 - Velocimacro :  VM library template macro registration complete.
2023-08-19 22:02:09,090 - Velocimacro : allowInline = true : VMs can be defined inline in templates
2023-08-19 22:02:09,090 - Velocimacro : allowInlineToOverride = false : VMs defined inline may NOT replace previous VM definitions
2023-08-19 22:02:09,090 - Velocimacro : allowInlineLocal = false : VMs defined inline will be  global in scope if allowed.
2023-08-19 22:02:09,090 - Velocimacro : messages on  : VM system will output logging messages
2023-08-19 22:02:09,090 - Velocimacro : autoload off  : VM system will not automatically reload global library macros
2023-08-19 22:02:09,090 - Velocimacro : initialization complete.
2023-08-19 22:02:09,090 - Velocity successfully started.
2023-08-19 23:08:47,500 - SimpleLog4JLogSystem initialized using logfile 'velocity.log'
2023-08-19 23:08:47,500 - ************************************************************** 
2023-08-19 23:08:47,500 - Starting Jakarta Velocity v1.4
2023-08-19 23:08:47,500 - RuntimeInstance initializing.
2023-08-19 23:08:47,500 - Default Properties File: org\apache\velocity\runtime\defaults\velocity.properties
2023-08-19 23:08:47,500 - Trying to use logger class org.apache.velocity.runtime.log.SimpleLog4JLogSystem
2023-08-19 23:08:47,500 - Using logger class org.apache.velocity.runtime.log.SimpleLog4JLogSystem
2023-08-19 23:08:47,502 - Default ResourceManager initializing. (class org.apache.velocity.runtime.resource.ResourceManagerImpl)
2023-08-19 23:08:47,504 - Resource Loader Instantiated: org.apache.velocity.runtime.resource.loader.ClasspathResourceLoader
2023-08-19 23:08:47,504 - ClasspathResourceLoader : initialization starting.
2023-08-19 23:08:47,504 - ClasspathResourceLoader : initialization complete.
2023-08-19 23:08:47,505 - ResourceCache : initialized. (class org.apache.velocity.runtime.resource.ResourceCacheImpl)
2023-08-19 23:08:47,505 - Default ResourceManager initialization complete.
2023-08-19 23:08:47,506 - Loaded System Directive: org.apache.velocity.runtime.directive.Literal
2023-08-19 23:08:47,507 - Loaded System Directive: org.apache.velocity.runtime.directive.Macro
2023-08-19 23:08:47,508 - Loaded System Directive: org.apache.velocity.runtime.directive.Parse
2023-08-19 23:08:47,509 - Loaded System Directive: org.apache.velocity.runtime.directive.Include
2023-08-19 23:08:47,510 - Loaded System Directive: org.apache.velocity.runtime.directive.Foreach
2023-08-19 23:08:47,525 - Created: 20 parsers.
2023-08-19 23:08:47,529 - Velocimacro : initialization starting.
2023-08-19 23:08:47,529 - Velocimacro : adding VMs from VM library template : VM_global_library.vm
2023-08-19 23:08:47,531 - ResourceManager : unable to find resource 'VM_global_library.vm' in any resource loader.
2023-08-19 23:08:47,531 - Velocimacro : error using  VM library template VM_global_library.vm : org.apache.velocity.exception.ResourceNotFoundException: Unable to find resource 'VM_global_library.vm'
2023-08-19 23:08:47,531 - Velocimacro :  VM library template macro registration complete.
2023-08-19 23:08:47,531 - Velocimacro : allowInline = true : VMs can be defined inline in templates
2023-08-19 23:08:47,531 - Velocimacro : allowInlineToOverride = false : VMs defined inline may NOT replace previous VM definitions
2023-08-19 23:08:47,531 - Velocimacro : allowInlineLocal = false : VMs defined inline will be  global in scope if allowed.
2023-08-19 23:08:47,531 - Velocimacro : messages on  : VM system will output logging messages
2023-08-19 23:08:47,531 - Velocimacro : autoload off  : VM system will not automatically reload global library macros
2023-08-19 23:08:47,531 - Velocimacro : initialization complete.
2023-08-19 23:08:47,531 - Velocity successfully started.
